
time="2019-03-18T19:24:59+05:30" level=info msg="Missing username or key ,Please provide valid credentials and try again"
time="2019-03-18T19:24:59+05:30" level=info msg="-user string"
time="2019-03-18T19:24:59+05:30" level=info msg="     lambda user id. <Required>"
time="2019-03-18T19:24:59+05:30" level=info msg="-key string"
time="2019-03-18T19:24:59+05:30" level=info msg="     lambda access key. <Required>"
time="2019-03-18T19:24:59+05:30" level=info msg="-tunnelName string"
time="2019-03-18T19:24:59+05:30" level=info msg="     tunnel name. [Optional]"
time="2019-03-18T19:24:59+05:30" level=info msg="-env string"
time="2019-03-18T19:24:59+05:30" level=info msg="     environment. [Optional]"
time="2019-03-18T19:24:59+05:30" level=info msg="-v string"
time="2019-03-18T19:24:59+05:30" level=info msg="     verbose. [Optional]"
time="2019-03-18T19:24:59+05:30" level=info msg="-port string"
time="2019-03-18T19:24:59+05:30" level=info msg="     user system port used for secure tunneling. [Optional]"
time="2019-03-18T19:24:59+05:30" level=info msg="-proxy-host string"
time="2019-03-18T19:24:59+05:30" level=info msg="     proxy host name. [Optional]"
time="2019-03-18T19:24:59+05:30" level=info msg="-proxy-port string"
time="2019-03-18T19:24:59+05:30" level=info msg="     port of the proxy. [Optional]"
time="2019-03-18T19:24:59+05:30" level=info msg="-proxy-user string"
time="2019-03-18T19:24:59+05:30" level=info msg="     proxy username. [Optional]"
time="2019-03-18T19:24:59+05:30" level=info msg="-proxy-pass string"
time="2019-03-18T19:24:59+05:30" level=info msg="     proxy password. [Optional]"
time="2019-03-18T19:24:59+05:30" level=info msg="-logFile string"
time="2019-03-18T19:24:59+05:30" level=info msg="     path for creating tunnel log. [Optional]"
time="2019-03-18T19:24:59+05:30" level=info msg="Missing username or key please provide valid credentials and try again"
time="2019-03-18T19:28:26+05:30" level=info msg="Starting Up..."
time="2019-03-18T19:28:26+05:30" level=info msg="command args: --key jbhUoF5lLRIjAN9DGp4jtoQZaGCyLUXEelRf76m4ZVbrKR3KFo --user kanhaiya1501@gmail.com"
time="2019-03-18T19:28:26+05:30" level=info msg="LambdaTunnel version : 2.0.6"
time="2019-03-18T19:28:26+05:30" level=info msg="Log file: /home/kanhaiya/Desktop/LambdaTest/tunnel/tunnel.log"
time="2019-03-18T19:28:27+05:30" level=info msg="You are using a deprecated version. Please download latest version from : "
time="2019-03-18T19:28:27+05:30" level=info msg="https://s3.amazonaws.com/lambda-tunnel/LT_Linux.zip"
time="2019-03-18T19:29:00+05:30" level=info msg="Starting Up..."
time="2019-03-18T19:29:00+05:30" level=info msg="command args: --key jbhUoF5lLRIjAN9DGp4jtoQZaGCyLUXEelRf76m4ZVbrKR3KFo --user kanhaiya1501@gmail.com"
time="2019-03-18T19:29:00+05:30" level=info msg="LambdaTunnel version : 2.0.6"
time="2019-03-18T19:29:00+05:30" level=info msg="Log file: /home/kanhaiya/Desktop/LambdaTest/tunnel/tunnel.log"
time="2019-03-18T19:29:01+05:30" level=info msg="You are using a deprecated version. Please download latest version from : "
time="2019-03-18T19:29:01+05:30" level=info msg="https://s3.amazonaws.com/lambda-tunnel/LT_Linux.zip"
time="2019-03-18T19:29:35+05:30" level=info msg="Starting Up..."
time="2019-03-18T19:29:35+05:30" level=info msg="command args: --key jbhUoF5lLRIjAN9DGp4jtoQZaGCyLUXEelRf76m4ZVbrKR3KFo --user kanhaiya1501@gmail.com"
time="2019-03-18T19:29:35+05:30" level=info msg="LambdaTunnel version : 2.0.10"
time="2019-03-18T19:29:35+05:30" level=info msg="Log file: /home/kanhaiya/Desktop/LambdaTest/tunnel/tunnel.log"
time="2019-03-18T19:29:35+05:30" level=debug msg="launch-tunnel-initiated "
time="2019-03-18T19:29:40+05:30" level=debug msg="beginning remote forward of local port  to remote port 45587"
time="2019-03-18T19:29:40+05:30" level=debug msg="hosts-file-content 127.0.0.1\tlocalhost\n127.0.1.1\tkanhaiya-ThinkPad-T420\n\n# The following lines are desirable for IPv6 capable hosts\n::1     ip6-localhost ip6-loopback\nfe00::0 ip6-localnet\nff00::0 ip6-mcastprefix\nff02::1 ip6-allnodes\nff02::2 ip6-allrouters\n127.0.0.1       local-integrations.lambdatest.com\n127.0.0.1       local-accounts.lambdatest.com\n"
time="2019-03-18T19:29:41+05:30" level=debug msg="aws-upload-success &{https://lambda-user-address-book.s3.amazonaws.com/prod/3874 <nil> }"
time="2019-03-18T19:29:41+05:30" level=debug msg=add-hosts-file-to-S3-success
time="2019-03-18T19:29:41+05:30" level=debug msg="Starting local proxy service on  9090"
time="2019-03-18T19:29:41+05:30" level=debug msg="local proxy started on  port 9090"
time="2019-03-18T19:29:41+05:30" level=debug msg="local port 9090 <-> remote port 45587 successful"
time="2019-03-18T19:29:41+05:30" level=info msg="Tunnel ID :10144"
time="2019-03-18T19:29:41+05:30" level=info msg="Secure connection established, you may start your tests now"
time="2019-03-18T19:29:41+05:30" level=debug msg="Starting monitoring for heartbeats from server"
time="2019-03-18T19:29:50+05:30" level=debug msg="heartbeat received from server"
time="2019-03-18T19:29:55+05:30" level=debug msg="heartbeat received from server"
time="2019-03-18T19:30:00+05:30" level=debug msg="heartbeat received from server"
time="2019-03-18T19:30:05+05:30" level=debug msg="heartbeat received from server"
time="2019-03-18T19:30:10+05:30" level=debug msg="heartbeat received from server"
time="2019-03-18T19:30:14+05:30" level=info msg="Removing Tunnel :10144"
time="2019-03-18T19:30:14+05:30" level=debug msg="stop-tunnel-initiated for tunnelId: 10144"
time="2019-03-18T19:30:15+05:30" level=debug msg="stop-tunnel response body is map[port:45587 code:200 message:Tunnel stopped successfully tunnel_id:10144]"
time="2019-03-18T19:30:15+05:30" level=info msg="Removing Tunnel :10144"
time="2019-03-18T19:30:55+05:30" level=info msg="Starting Up..."
time="2019-03-18T19:30:55+05:30" level=info msg="command args: --key jbhUoF5lLRIjAN9DGp4jtoQZaGCyLUXEelRf76m4ZVbrKR3KFo --user kanhaiya1501@gmail.com"
time="2019-03-18T19:30:55+05:30" level=info msg="LambdaTunnel version : 2.0.10"
time="2019-03-18T19:30:55+05:30" level=info msg="Log file: /home/kanhaiya/Desktop/LambdaTest/tunnel/tunnel.log"
time="2019-03-18T19:30:55+05:30" level=debug msg="launch-tunnel-initiated "
time="2019-03-18T19:30:59+05:30" level=debug msg="beginning remote forward of local port  to remote port 39664"
time="2019-03-18T19:30:59+05:30" level=debug msg="hosts-file-content 127.0.0.1\tlocalhost\n127.0.1.1\tkanhaiya-ThinkPad-T420\n\n# The following lines are desirable for IPv6 capable hosts\n::1     ip6-localhost ip6-loopback\nfe00::0 ip6-localnet\nff00::0 ip6-mcastprefix\nff02::1 ip6-allnodes\nff02::2 ip6-allrouters\n127.0.0.1       local-integrations.lambdatest.com\n127.0.0.1       local-accounts.lambdatest.com\n"
time="2019-03-18T19:31:00+05:30" level=debug msg="aws-upload-success &{https://lambda-user-address-book.s3.amazonaws.com/prod/3874 <nil> }"
time="2019-03-18T19:31:00+05:30" level=debug msg=add-hosts-file-to-S3-success
time="2019-03-18T19:31:00+05:30" level=debug msg="Starting local proxy service on  9090"
time="2019-03-18T19:31:00+05:30" level=debug msg="local proxy started on  port 9090"
time="2019-03-18T19:31:00+05:30" level=debug msg="local port 9090 <-> remote port 39664 successful"
time="2019-03-18T19:31:00+05:30" level=info msg="Tunnel ID :10145"
time="2019-03-18T19:31:00+05:30" level=info msg="Secure connection established, you may start your tests now"
time="2019-03-18T19:31:00+05:30" level=debug msg="Starting monitoring for heartbeats from server"
time="2019-03-18T19:31:09+05:30" level=debug msg="heartbeat received from server"
time="2019-03-18T19:31:14+05:30" level=debug msg="heartbeat received from server"
time="2019-03-18T19:31:19+05:30" level=debug msg="heartbeat received from server"
time="2019-03-18T19:31:24+05:30" level=debug msg="heartbeat received from server"
time="2019-03-18T19:31:29+05:30" level=debug msg="heartbeat received from server"
time="2019-03-18T19:31:34+05:30" level=debug msg="heartbeat received from server"
time="2019-03-18T19:31:39+05:30" level=info msg="Removing Tunnel :10145"
time="2019-03-18T19:31:39+05:30" level=debug msg="stop-tunnel-initiated for tunnelId: 10145"
time="2019-03-18T19:31:39+05:30" level=debug msg="heartbeat received from server"
time="2019-03-18T19:31:40+05:30" level=debug msg="stop-tunnel response body is map[tunnel_id:10145 port:39664 code:200 message:Tunnel stopped successfully]"
time="2019-03-18T19:31:40+05:30" level=info msg="Removing Tunnel :10145"
time="2019-03-18T20:00:36+05:30" level=info msg="Starting Up..."
time="2019-03-18T20:00:36+05:30" level=info msg="command args: --key jbhUoF5lLRIjAN9DGp4jtoQZaGCyLUXEelRf76m4ZVbrKR3KFo --user kanhaiya1501@gmail.com"
time="2019-03-18T20:00:36+05:30" level=info msg="LambdaTunnel version : 2.0.10"
time="2019-03-18T20:00:36+05:30" level=info msg="Log file: /home/kanhaiya/Desktop/LambdaTest/tunnel/tunnel.log"
time="2019-03-18T20:00:36+05:30" level=debug msg="launch-tunnel-initiated "
time="2019-03-18T20:00:40+05:30" level=debug msg="beginning remote forward of local port  to remote port 36121"
time="2019-03-18T20:00:41+05:30" level=debug msg="hosts-file-content 127.0.0.1\tlocalhost\n127.0.1.1\tkanhaiya-ThinkPad-T420\n\n# The following lines are desirable for IPv6 capable hosts\n::1     ip6-localhost ip6-loopback\nfe00::0 ip6-localnet\nff00::0 ip6-mcastprefix\nff02::1 ip6-allnodes\nff02::2 ip6-allrouters\n127.0.0.1       local-integrations.lambdatest.com\n127.0.0.1       local-accounts.lambdatest.com\n"
time="2019-03-18T20:00:42+05:30" level=debug msg="aws-upload-success &{https://lambda-user-address-book.s3.amazonaws.com/prod/3874 <nil> }"
time="2019-03-18T20:00:42+05:30" level=debug msg=add-hosts-file-to-S3-success
time="2019-03-18T20:00:42+05:30" level=debug msg="Starting local proxy service on  9090"
time="2019-03-18T20:00:42+05:30" level=debug msg="local proxy started on  port 9090"
time="2019-03-18T20:00:42+05:30" level=debug msg="local port 9090 <-> remote port 36121 successful"
time="2019-03-18T20:00:42+05:30" level=info msg="Tunnel ID :10148"
time="2019-03-18T20:00:42+05:30" level=info msg="Secure connection established, you may start your tests now"
time="2019-03-18T20:00:42+05:30" level=debug msg="Starting monitoring for heartbeats from server"
time="2019-03-18T20:00:50+05:30" level=debug msg="heartbeat received from server"
time="2019-03-18T20:00:55+05:30" level=debug msg="heartbeat received from server"
time="2019-03-18T20:01:00+05:30" level=debug msg="heartbeat received from server"
time="2019-03-18T20:01:06+05:30" level=debug msg="heartbeat received from server"
time="2019-03-18T20:01:11+05:30" level=debug msg="heartbeat received from server"
time="2019-03-18T20:01:16+05:30" level=debug msg="heartbeat received from server"
time="2019-03-18T20:01:21+05:30" level=debug msg="heartbeat received from server"
time="2019-03-18T20:01:26+05:30" level=debug msg="heartbeat received from server"
time="2019-03-18T20:01:31+05:30" level=debug msg="heartbeat received from server"
time="2019-03-18T20:01:36+05:30" level=debug msg="heartbeat received from server"
time="2019-03-18T20:01:42+05:30" level=debug msg="heartbeat received from server"
time="2019-03-18T20:01:47+05:30" level=debug msg="heartbeat received from server"
time="2019-03-18T20:01:52+05:30" level=debug msg="heartbeat received from server"
time="2019-03-18T20:01:57+05:30" level=debug msg="heartbeat received from server"
time="2019-03-18T20:02:02+05:30" level=debug msg="heartbeat received from server"
time="2019-03-18T20:02:07+05:30" level=debug msg="heartbeat received from server"
time="2019-03-18T20:02:12+05:30" level=debug msg="heartbeat received from server"
time="2019-03-18T20:02:18+05:30" level=debug msg="heartbeat received from server"
time="2019-03-18T20:02:23+05:30" level=debug msg="heartbeat received from server"
time="2019-03-18T20:02:28+05:30" level=debug msg="heartbeat received from server"
time="2019-03-18T20:02:33+05:30" level=debug msg="heartbeat received from server"
time="2019-03-18T20:02:38+05:30" level=debug msg="heartbeat received from server"
time="2019-03-18T20:02:40+05:30" level=info msg="Removing Tunnel :10148"
time="2019-03-18T20:02:40+05:30" level=debug msg="stop-tunnel-initiated for tunnelId: 10148"
time="2019-03-18T20:02:41+05:30" level=debug msg="stop-tunnel response body is map[tunnel_id:10148 port:36121 code:200 message:Tunnel stopped successfully]"
time="2019-03-18T20:02:41+05:30" level=info msg="Removing Tunnel :10148"
